<?xml version="1.0" encoding="UTF-8" ?>
<testsuite failures="0" time="0.268" errors="0" skipped="0" tests="78" name="com.metamx.druid.query.timeseries.TimeseriesQueryRunnerTest">
  <properties>
[...]
</properties>
  <testcase time="0.043" classname="com.metamx.druid.query.timeseries.TimeseriesQueryRunnerTest" name="testFullOnTimeseries[0]"/>
  <testcase time="0.012" classname="com.metamx.druid.query.timeseries.TimeseriesQueryRunnerTest" name="testFullOnTimeseriesWithFilter[0]"/>
  <testcase time="0.001" classname="com.metamx.druid.query.timeseries.TimeseriesQueryRunnerTest" name="testTimeseriesWithNonExistentFilter[0]"/>
  <testcase time="0.001" classname="com.metamx.druid.query.timeseries.TimeseriesQueryRunnerTest" name="testTimeseriesWithNonExistentFilterAndMultiDim[0]"/>
  <testcase time="0.001" classname="com.metamx.druid.query.timeseries.TimeseriesQueryRunnerTest" name="testTimeseriesWithFilterOnNonExistentDimension[0]"/>
  <testcase time="0.005" classname="com.metamx.druid.query.timeseries.TimeseriesQueryRunnerTest" name="testFullOnTimeseriesMaxMin[0]"/>
  <testcase time="0" classname="com.metamx.druid.query.timeseries.TimeseriesQueryRunnerTest" name="testTimeseries[0]"/>
  <testcase time="0.001" classname="com.metamx.druid.query.timeseries.TimeseriesQueryRunnerTest" name="testTimeseriesWithTimeZone[0]"/>
  <testcase time="0.001" classname="com.metamx.druid.query.timeseries.TimeseriesQueryRunnerTest" name="testTimeseriesWithVaryingGran[0]"/>
  <testcase time="0.001" classname="com.metamx.druid.query.timeseries.TimeseriesQueryRunnerTest" name="testTimeseriesGranularityNotAlignedOnSegmentBoundariesWithFilter[0]"/>
  <testcase time="0.001" classname="com.metamx.druid.query.timeseries.TimeseriesQueryRunnerTest" name="testTimeseriesWithVaryingGranWithFilter[0]"/>
  <testcase time="0" classname="com.metamx.druid.query.timeseries.TimeseriesQueryRunnerTest" name="testTimeseriesQueryBeyondTimeRangeOfData[0]"/>
  <testcase time="0.001" classname="com.metamx.druid.query.timeseries.TimeseriesQueryRunnerTest" name="testTimeseriesWithOrFilter[0]"/>
  <testcase time="0.001" classname="com.metamx.druid.query.timeseries.TimeseriesQueryRunnerTest" name="testTimeseriesWithRegexFilter[0]"/>
  <testcase time="0.001" classname="com.metamx.druid.query.timeseries.TimeseriesQueryRunnerTest" name="testTimeseriesWithFilter1[0]"/>
  <testcase time="0.001" classname="com.metamx.druid.query.timeseries.TimeseriesQueryRunnerTest" name="testTimeseriesWithFilter2[0]"/>
  <testcase time="0.001" classname="com.metamx.druid.query.timeseries.TimeseriesQueryRunnerTest" name="testTimeseriesWithFilter3[0]"/>
  <testcase time="0.001" classname="com.metamx.druid.query.timeseries.TimeseriesQueryRunnerTest" name="testTimeseriesWithMultiDimFilterAndOr[0]"/>
  <testcase time="0.001" classname="com.metamx.druid.query.timeseries.TimeseriesQueryRunnerTest" name="testTimeseriesWithMultiDimFilter[0]"/>
  <testcase time="0.001" classname="com.metamx.druid.query.timeseries.TimeseriesQueryRunnerTest" name="testTimeseriesWithOtherMultiDimFilter[0]"/>
  <testcase time="0.001" classname="com.metamx.druid.query.timeseries.TimeseriesQueryRunnerTest" name="testTimeseriesWithNonExistentFilterInOr[0]"/>
  <testcase time="0.001" classname="com.metamx.druid.query.timeseries.TimeseriesQueryRunnerTest" name="testTimeseriesWithNonExistentFilterAndMultiDimAndOr[0]"/>
  <testcase time="0.002" classname="com.metamx.druid.query.timeseries.TimeseriesQueryRunnerTest" name="testTimeseriesWithMultiValueDimFilter1[0]"/>
  <testcase time="0.001" classname="com.metamx.druid.query.timeseries.TimeseriesQueryRunnerTest" name="testTimeseriesWithMultiValueDimFilter2[0]"/>
  <testcase time="0.001" classname="com.metamx.druid.query.timeseries.TimeseriesQueryRunnerTest" name="testTimeseriesWithMultiValueDimFilterAndOr1[0]"/>
  <testcase time="0.001" classname="com.metamx.druid.query.timeseries.TimeseriesQueryRunnerTest" name="testTimeseriesWithMultiValueDimFilterAndOr2[0]"/>
  <testcase time="0.024" classname="com.metamx.druid.query.timeseries.TimeseriesQueryRunnerTest" name="testFullOnTimeseries[1]"/>
  <testcase time="0.017" classname="com.metamx.druid.query.timeseries.TimeseriesQueryRunnerTest" name="testFullOnTimeseriesWithFilter[1]"/>
  <testcase time="0.001" classname="com.metamx.druid.query.timeseries.TimeseriesQueryRunnerTest" name="testTimeseriesWithNonExistentFilter[1]"/>
  <testcase time="0.001" classname="com.metamx.druid.query.timeseries.TimeseriesQueryRunnerTest" name="testTimeseriesWithNonExistentFilterAndMultiDim[1]"/>
  <testcase time="0.001" classname="com.metamx.druid.query.timeseries.TimeseriesQueryRunnerTest" name="testTimeseriesWithFilterOnNonExistentDimension[1]"/>
  <testcase time="0.004" classname="com.metamx.druid.query.timeseries.TimeseriesQueryRunnerTest" name="testFullOnTimeseriesMaxMin[1]"/>
  <testcase time="0.001" classname="com.metamx.druid.query.timeseries.TimeseriesQueryRunnerTest" name="testTimeseries[1]"/>
  <testcase time="0.001" classname="com.metamx.druid.query.timeseries.TimeseriesQueryRunnerTest" name="testTimeseriesWithTimeZone[1]"/>
  <testcase time="0.001" classname="com.metamx.druid.query.timeseries.TimeseriesQueryRunnerTest" name="testTimeseriesWithVaryingGran[1]"/>
  <testcase time="0.023" classname="com.metamx.druid.query.timeseries.TimeseriesQueryRunnerTest" name="testTimeseriesGranularityNotAlignedOnSegmentBoundariesWithFilter[1]"/>
  <testcase time="0" classname="com.metamx.druid.query.timeseries.TimeseriesQueryRunnerTest" name="testTimeseriesWithVaryingGranWithFilter[1]"/>
  <testcase time="0" classname="com.metamx.druid.query.timeseries.TimeseriesQueryRunnerTest" name="testTimeseriesQueryBeyondTimeRangeOfData[1]"/>
  <testcase time="0" classname="com.metamx.druid.query.timeseries.TimeseriesQueryRunnerTest" name="testTimeseriesWithOrFilter[1]"/>
  <testcase time="0" classname="com.metamx.druid.query.timeseries.TimeseriesQueryRunnerTest" name="testTimeseriesWithRegexFilter[1]"/>
  <testcase time="0" classname="com.metamx.druid.query.timeseries.TimeseriesQueryRunnerTest" name="testTimeseriesWithFilter1[1]"/>
  <testcase time="0" classname="com.metamx.druid.query.timeseries.TimeseriesQueryRunnerTest" name="testTimeseriesWithFilter2[1]"/>
  <testcase time="0" classname="com.metamx.druid.query.timeseries.TimeseriesQueryRunnerTest" name="testTimeseriesWithFilter3[1]"/>
  <testcase time="0.004" classname="com.metamx.druid.query.timeseries.TimeseriesQueryRunnerTest" name="testTimeseriesWithMultiDimFilterAndOr[1]"/>
  <testcase time="0.003" classname="com.metamx.druid.query.timeseries.TimeseriesQueryRunnerTest" name="testTimeseriesWithMultiDimFilter[1]"/>
  <testcase time="0.002" classname="com.metamx.druid.query.timeseries.TimeseriesQueryRunnerTest" name="testTimeseriesWithOtherMultiDimFilter[1]"/>
  <testcase time="0.004" classname="com.metamx.druid.query.timeseries.TimeseriesQueryRunnerTest" name="testTimeseriesWithNonExistentFilterInOr[1]"/>
  <testcase time="0.004" classname="com.metamx.druid.query.timeseries.TimeseriesQueryRunnerTest" name="testTimeseriesWithNonExistentFilterAndMultiDimAndOr[1]"/>
  <testcase time="0.002" classname="com.metamx.druid.query.timeseries.TimeseriesQueryRunnerTest" name="testTimeseriesWithMultiValueDimFilter1[1]"/>
  <testcase time="0.001" classname="com.metamx.druid.query.timeseries.TimeseriesQueryRunnerTest" name="testTimeseriesWithMultiValueDimFilter2[1]"/>
  <testcase time="0.003" classname="com.metamx.druid.query.timeseries.TimeseriesQueryRunnerTest" name="testTimeseriesWithMultiValueDimFilterAndOr1[1]"/>
  <testcase time="0.006" classname="com.metamx.druid.query.timeseries.TimeseriesQueryRunnerTest" name="testTimeseriesWithMultiValueDimFilterAndOr2[1]"/>
  <testcase time="0.021" classname="com.metamx.druid.query.timeseries.TimeseriesQueryRunnerTest" name="testFullOnTimeseries[2]"/>
  <testcase time="0.013" classname="com.metamx.druid.query.timeseries.TimeseriesQueryRunnerTest" name="testFullOnTimeseriesWithFilter[2]"/>
  <testcase time="0.001" classname="com.metamx.druid.query.timeseries.TimeseriesQueryRunnerTest" name="testTimeseriesWithNonExistentFilter[2]"/>
  <testcase time="0" classname="com.metamx.druid.query.timeseries.TimeseriesQueryRunnerTest" name="testTimeseriesWithNonExistentFilterAndMultiDim[2]"/>
  <testcase time="0" classname="com.metamx.druid.query.timeseries.TimeseriesQueryRunnerTest" name="testTimeseriesWithFilterOnNonExistentDimension[2]"/>
  <testcase time="0.002" classname="com.metamx.druid.query.timeseries.TimeseriesQueryRunnerTest" name="testFullOnTimeseriesMaxMin[2]"/>
  <testcase time="0" classname="com.metamx.druid.query.timeseries.TimeseriesQueryRunnerTest" name="testTimeseries[2]"/>
  <testcase time="0.001" classname="com.metamx.druid.query.timeseries.TimeseriesQueryRunnerTest" name="testTimeseriesWithTimeZone[2]"/>
  <testcase time="0.001" classname="com.metamx.druid.query.timeseries.TimeseriesQueryRunnerTest" name="testTimeseriesWithVaryingGran[2]"/>
  <testcase time="0.003" classname="com.metamx.druid.query.timeseries.TimeseriesQueryRunnerTest" name="testTimeseriesGranularityNotAlignedOnSegmentBoundariesWithFilter[2]"/>
  <testcase time="0.005" classname="com.metamx.druid.query.timeseries.TimeseriesQueryRunnerTest" name="testTimeseriesWithVaryingGranWithFilter[2]"/>
  <testcase time="0" classname="com.metamx.druid.query.timeseries.TimeseriesQueryRunnerTest" name="testTimeseriesQueryBeyondTimeRangeOfData[2]"/>
  <testcase time="0.003" classname="com.metamx.druid.query.timeseries.TimeseriesQueryRunnerTest" name="testTimeseriesWithOrFilter[2]"/>
  <testcase time="0.003" classname="com.metamx.druid.query.timeseries.TimeseriesQueryRunnerTest" name="testTimeseriesWithRegexFilter[2]"/>
  <testcase time="0.001" classname="com.metamx.druid.query.timeseries.TimeseriesQueryRunnerTest" name="testTimeseriesWithFilter1[2]"/>
  <testcase time="0.001" classname="com.metamx.druid.query.timeseries.TimeseriesQueryRunnerTest" name="testTimeseriesWithFilter2[2]"/>
  <testcase time="0" classname="com.metamx.druid.query.timeseries.TimeseriesQueryRunnerTest" name="testTimeseriesWithFilter3[2]"/>
  <testcase time="0.003" classname="com.metamx.druid.query.timeseries.TimeseriesQueryRunnerTest" name="testTimeseriesWithMultiDimFilterAndOr[2]"/>
  <testcase time="0.002" classname="com.metamx.druid.query.timeseries.TimeseriesQueryRunnerTest" name="testTimeseriesWithMultiDimFilter[2]"/>
  <testcase time="0.002" classname="com.metamx.druid.query.timeseries.TimeseriesQueryRunnerTest" name="testTimeseriesWithOtherMultiDimFilter[2]"/>
  <testcase time="0.003" classname="com.metamx.druid.query.timeseries.TimeseriesQueryRunnerTest" name="testTimeseriesWithNonExistentFilterInOr[2]"/>
  <testcase time="0.01" classname="com.metamx.druid.query.timeseries.TimeseriesQueryRunnerTest" name="testTimeseriesWithNonExistentFilterAndMultiDimAndOr[2]"/>
  <testcase time="0" classname="com.metamx.druid.query.timeseries.TimeseriesQueryRunnerTest" name="testTimeseriesWithMultiValueDimFilter1[2]"/>
  <testcase time="0" classname="com.metamx.druid.query.timeseries.TimeseriesQueryRunnerTest" name="testTimeseriesWithMultiValueDimFilter2[2]"/>
  <testcase time="0.008" classname="com.metamx.druid.query.timeseries.TimeseriesQueryRunnerTest" name="testTimeseriesWithMultiValueDimFilterAndOr1[2]"/>
  <testcase time="0" classname="com.metamx.druid.query.timeseries.TimeseriesQueryRunnerTest" name="testTimeseriesWithMultiValueDimFilterAndOr2[2]"/>
</testsuite>