<?xml version="1.0" encoding="UTF-8" ?>
<testsuite failures="0" time="0.287" errors="0" skipped="0" tests="69" name="com.metamx.druid.VersionedIntervalTimelineTest">
  <properties>
[...]
</properties>
  <testcase time="0.047" classname="com.metamx.druid.VersionedIntervalTimelineTest" name="testApril"/>
  <testcase time="0.008" classname="com.metamx.druid.VersionedIntervalTimelineTest" name="testApril2"/>
  <testcase time="0.007" classname="com.metamx.druid.VersionedIntervalTimelineTest" name="testApril3"/>
  <testcase time="0.006" classname="com.metamx.druid.VersionedIntervalTimelineTest" name="testApril4"/>
  <testcase time="0.006" classname="com.metamx.druid.VersionedIntervalTimelineTest" name="testMay"/>
  <testcase time="0.007" classname="com.metamx.druid.VersionedIntervalTimelineTest" name="testMay2"/>
  <testcase time="0.009" classname="com.metamx.druid.VersionedIntervalTimelineTest" name="testMay3"/>
  <testcase time="0.009" classname="com.metamx.druid.VersionedIntervalTimelineTest" name="testInsertInWrongOrder"/>
  <testcase time="0.009" classname="com.metamx.druid.VersionedIntervalTimelineTest" name="testRemove"/>
  <testcase time="0.004" classname="com.metamx.druid.VersionedIntervalTimelineTest" name="testFindEntry"/>
  <testcase time="0.004" classname="com.metamx.druid.VersionedIntervalTimelineTest" name="testFindEntryWithOverlap"/>
  <testcase time="0.004" classname="com.metamx.druid.VersionedIntervalTimelineTest" name="testPartitioning"/>
  <testcase time="0.005" classname="com.metamx.druid.VersionedIntervalTimelineTest" name="testPartialPartitionNotReturned"/>
  <testcase time="0.004" classname="com.metamx.druid.VersionedIntervalTimelineTest" name="testIncompletePartitionDoesNotOvershadow"/>
  <testcase time="0.005" classname="com.metamx.druid.VersionedIntervalTimelineTest" name="testRemovePartitionMakesIncomplete"/>
  <testcase time="0.006" classname="com.metamx.druid.VersionedIntervalTimelineTest" name="testInsertAndRemoveSameThingsion"/>
  <testcase time="0.003" classname="com.metamx.druid.VersionedIntervalTimelineTest" name="testOverlapSameVersionThrowException"/>
  <testcase time="0.003" classname="com.metamx.druid.VersionedIntervalTimelineTest" name="testOverlapSameVersionIsOkay"/>
  <testcase time="0.005" classname="com.metamx.druid.VersionedIntervalTimelineTest" name="testOverlapSecondBetween"/>
  <testcase time="0.004" classname="com.metamx.druid.VersionedIntervalTimelineTest" name="testOverlapFirstBetween"/>
  <testcase time="0.003" classname="com.metamx.druid.VersionedIntervalTimelineTest" name="testOverlapFirstBefore"/>
  <testcase time="0.003" classname="com.metamx.druid.VersionedIntervalTimelineTest" name="testOverlapFirstAfter"/>
  <testcase time="0.003" classname="com.metamx.druid.VersionedIntervalTimelineTest" name="testOverlapSecondBefore"/>
  <testcase time="0.003" classname="com.metamx.druid.VersionedIntervalTimelineTest" name="testOverlapSecondAfter"/>
  <testcase time="0.003" classname="com.metamx.druid.VersionedIntervalTimelineTest" name="testOverlapFirstLarger"/>
  <testcase time="0.003" classname="com.metamx.druid.VersionedIntervalTimelineTest" name="testOverlapSecondLarger"/>
  <testcase time="0.004" classname="com.metamx.druid.VersionedIntervalTimelineTest" name="testOverlapSecondPartialAlign"/>
  <testcase time="0.003" classname="com.metamx.druid.VersionedIntervalTimelineTest" name="testOverlapFirstPartialAlign"/>
  <testcase time="0.004" classname="com.metamx.druid.VersionedIntervalTimelineTest" name="testOverlapAscending"/>
  <testcase time="0.004" classname="com.metamx.druid.VersionedIntervalTimelineTest" name="testOverlapDescending"/>
  <testcase time="0.004" classname="com.metamx.druid.VersionedIntervalTimelineTest" name="testOverlapMixed"/>
  <testcase time="0.003" classname="com.metamx.druid.VersionedIntervalTimelineTest" name="testOverlapContainedAscending"/>
  <testcase time="0.003" classname="com.metamx.druid.VersionedIntervalTimelineTest" name="testOverlapContainedDescending"/>
  <testcase time="0.003" classname="com.metamx.druid.VersionedIntervalTimelineTest" name="testOverlapContainedmixed"/>
  <testcase time="0.003" classname="com.metamx.druid.VersionedIntervalTimelineTest" name="testOverlapSecondContained"/>
  <testcase time="0.003" classname="com.metamx.druid.VersionedIntervalTimelineTest" name="testOverlapFirstContained"/>
  <testcase time="0.002" classname="com.metamx.druid.VersionedIntervalTimelineTest" name="testOverlapSecondContainsFirst"/>
  <testcase time="0.002" classname="com.metamx.druid.VersionedIntervalTimelineTest" name="testOverlapFirstContainsSecond"/>
  <testcase time="0.003" classname="com.metamx.druid.VersionedIntervalTimelineTest" name="testOverlapLayeredAscending"/>
  <testcase time="0.003" classname="com.metamx.druid.VersionedIntervalTimelineTest" name="testOverlapLayeredDescending"/>
  <testcase time="0.004" classname="com.metamx.druid.VersionedIntervalTimelineTest" name="testOverlapV1Large"/>
  <testcase time="0.003" classname="com.metamx.druid.VersionedIntervalTimelineTest" name="testOverlapV2Large"/>
  <testcase time="0.003" classname="com.metamx.druid.VersionedIntervalTimelineTest" name="testOverlapV1LargeIsAfter"/>
  <testcase time="0.004" classname="com.metamx.druid.VersionedIntervalTimelineTest" name="testOverlapV1SecondLargeIsAfter"/>
  <testcase time="0.003" classname="com.metamx.druid.VersionedIntervalTimelineTest" name="testOverlapV1FirstBetween"/>
  <testcase time="0.003" classname="com.metamx.druid.VersionedIntervalTimelineTest" name="testOverlapV1SecondBetween"/>
  <testcase time="0.003" classname="com.metamx.druid.VersionedIntervalTimelineTest" name="testOverlapLargeUnderlyingWithSmallDayAlignedOverlays"/>
  <testcase time="0.003" classname="com.metamx.druid.VersionedIntervalTimelineTest" name="testOverlapCausesNullEntries"/>
  <testcase time="0.003" classname="com.metamx.druid.VersionedIntervalTimelineTest" name="testOverlapOvershadowedThirdContains"/>
  <testcase time="0.003" classname="com.metamx.druid.VersionedIntervalTimelineTest" name="testOverlapOvershadowedAligned"/>
  <testcase time="0.002" classname="com.metamx.druid.VersionedIntervalTimelineTest" name="testOverlapOvershadowedSomeComplexOverlapsCantThinkOfBetterName"/>
  <testcase time="0.002" classname="com.metamx.druid.VersionedIntervalTimelineTest" name="testOverlapAndRemove"/>
  <testcase time="0.002" classname="com.metamx.druid.VersionedIntervalTimelineTest" name="testOverlapAndRemove2"/>
  <testcase time="0.002" classname="com.metamx.druid.VersionedIntervalTimelineTest" name="testOverlapAndRemove3"/>
  <testcase time="0.002" classname="com.metamx.druid.VersionedIntervalTimelineTest" name="testOverlapAndRemove4"/>
  <testcase time="0.002" classname="com.metamx.druid.VersionedIntervalTimelineTest" name="testOverlapAndRemove5"/>
  <testcase time="0.001" classname="com.metamx.druid.VersionedIntervalTimelineTest" name="testRemoveSomethingDontHave"/>
  <testcase time="0.002" classname="com.metamx.druid.VersionedIntervalTimelineTest" name="testRemoveNothingBacking"/>
  <testcase time="0.002" classname="com.metamx.druid.VersionedIntervalTimelineTest" name="testOvershadowingHigherVersionWins1"/>
  <testcase time="0.002" classname="com.metamx.druid.VersionedIntervalTimelineTest" name="testOvershadowingHigherVersionWins2"/>
  <testcase time="0.002" classname="com.metamx.druid.VersionedIntervalTimelineTest" name="testOvershadowingHigherVersionWins3"/>
  <testcase time="0.002" classname="com.metamx.druid.VersionedIntervalTimelineTest" name="testOvershadowingHigherVersionWins4"/>
  <testcase time="0.003" classname="com.metamx.druid.VersionedIntervalTimelineTest" name="testOvershadowingHigherVersionNeverOvershadowedByLower1"/>
  <testcase time="0.002" classname="com.metamx.druid.VersionedIntervalTimelineTest" name="testOvershadowingHigherVersionNeverOvershadowedByLower2"/>
  <testcase time="0.002" classname="com.metamx.druid.VersionedIntervalTimelineTest" name="testOvershadowingHigherVersionNeverOvershadowedByLower3"/>
  <testcase time="0.002" classname="com.metamx.druid.VersionedIntervalTimelineTest" name="testOvershadowingHigherVersionNeverOvershadowedByLower4"/>
  <testcase time="0.002" classname="com.metamx.druid.VersionedIntervalTimelineTest" name="testOvershadowingHigherVersionNeverOvershadowedByLower5"/>
  <testcase time="0.002" classname="com.metamx.druid.VersionedIntervalTimelineTest" name="testOvershadowingSameIntervalHighVersionWins"/>
  <testcase time="0.002" classname="com.metamx.druid.VersionedIntervalTimelineTest" name="testOvershadowingSameIntervalSameVersionAllKept"/>
</testsuite>